[04 Feb 2020 00:27:21.189] [main/INFO] [com.sunflow.logging.Log/]: starting 2D Game
[04 Feb 2020 00:28:19.325] [AWT-EventQueue-0/ERROR] [com.sunflow.logging.Log/]: Uncaught Exception
java.lang.IllegalArgumentException: Width (120) and height (0) cannot be <= 0
	at java.awt.image.DirectColorModel.createCompatibleWritableRaster(Unknown Source)
	at java.awt.image.BufferedImage.<init>(Unknown Source)
	at com.sunflow.gfx.DImage.resize(DImage.java:236)
	at com.sunflow.gfx.DImage.resize(DImage.java:232)
	at com.sunflow.game.Game2D.cResized(Game2D.java:280)
	at com.sunflow.game.Game2D.access$8(Game2D.java:275)
	at com.sunflow.game.Game2D$3.componentResized(Game2D.java:231)
	at java.awt.AWTEventMulticaster.componentResized(Unknown Source)
	at java.awt.Component.processComponentEvent(Unknown Source)
	at java.awt.Component.processEvent(Unknown Source)
	at java.awt.Component.dispatchEventImpl(Unknown Source)
	at java.awt.Component.dispatchEvent(Unknown Source)
	at java.awt.EventQueue.dispatchEventImpl(Unknown Source)
	at java.awt.EventQueue.access$500(Unknown Source)
	at java.awt.EventQueue$3.run(Unknown Source)
	at java.awt.EventQueue$3.run(Unknown Source)
	at java.security.AccessController.doPrivileged(Native Method)
	at java.security.ProtectionDomain$JavaSecurityAccessImpl.doIntersectionPrivilege(Unknown Source)
	at java.security.ProtectionDomain$JavaSecurityAccessImpl.doIntersectionPrivilege(Unknown Source)
	at java.awt.EventQueue$4.run(Unknown Source)
	at java.awt.EventQueue$4.run(Unknown Source)
	at java.security.AccessController.doPrivileged(Native Method)
	at java.security.ProtectionDomain$JavaSecurityAccessImpl.doIntersectionPrivilege(Unknown Source)
	at java.awt.EventQueue.dispatchEvent(Unknown Source)
	at java.awt.EventDispatchThread.pumpOneEventForFilters(Unknown Source)
	at java.awt.EventDispatchThread.pumpEventsForFilter(Unknown Source)
	at java.awt.EventDispatchThread.pumpEventsForHierarchy(Unknown Source)
	at java.awt.EventDispatchThread.pumpEvents(Unknown Source)
	at java.awt.EventDispatchThread.pumpEvents(Unknown Source)
	at java.awt.EventDispatchThread.run(Unknown Source)

